2019-12-29 20:13:42,545 [Worker-0: Loading available Gradle versions] INFO  o.e.b.c.i.u.g.PublishedGradleVersions - Gradle version information cache is not available. Remote download required.
2019-12-29 20:27:44,180 [Worker-1: Loading available Gradle versions] INFO  o.e.b.c.i.u.g.PublishedGradleVersions - Gradle version information cache is up-to-date. Trying to read.
2020-01-04 17:32:50,448 [Worker-2: Loading available Gradle versions] INFO  o.e.b.c.i.u.g.PublishedGradleVersions - Gradle version information cache is out-of-date. Trying to update.
2020-01-04 22:43:34,156 [Worker-1: Loading available Gradle versions] INFO  o.e.b.c.i.u.g.PublishedGradleVersions - Gradle version information cache is up-to-date. Trying to read.
2020-01-10 22:35:35,199 [Worker-6: Loading available Gradle versions] INFO  o.e.b.c.i.u.g.PublishedGradleVersions - Gradle version information cache is out-of-date. Trying to update.
2020-01-10 23:10:00,281 [Worker-27: Adding Files to Index] ERROR o.e.j.i.storage.file.LockFile - Creating lock file /home/mathews/Work space/eclipse-work-space/.git/index.lock failed
java.nio.file.AccessDeniedException: /home/mathews/Work space/eclipse-work-space/.git/index.lock
	at java.base/sun.nio.fs.UnixException.translateToIOException(UnixException.java:90) ~[na:na]
	at java.base/sun.nio.fs.UnixException.rethrowAsIOException(UnixException.java:111) ~[na:na]
	at java.base/sun.nio.fs.UnixException.rethrowAsIOException(UnixException.java:116) ~[na:na]
	at java.base/sun.nio.fs.UnixFileSystemProvider.newByteChannel(UnixFileSystemProvider.java:215) ~[na:na]
	at java.base/java.nio.file.Files.newByteChannel(Files.java:370) ~[na:na]
	at java.base/java.nio.file.Files.createFile(Files.java:647) ~[na:na]
	at org.eclipse.jgit.util.FS_POSIX.createNewFileAtomic(FS_POSIX.java:431) ~[na:na]
	at org.eclipse.jgit.internal.storage.file.LockFile.lock(LockFile.java:165) ~[na:na]
	at org.eclipse.jgit.dircache.DirCache.lock(DirCache.java:603) ~[na:na]
	at org.eclipse.jgit.dircache.DirCache.lock(DirCache.java:250) ~[na:na]
	at org.eclipse.jgit.dircache.DirCache.lock(DirCache.java:322) ~[na:na]
	at org.eclipse.jgit.dircache.DirCache.lock(DirCache.java:288) ~[na:na]
	at org.eclipse.jgit.lib.Repository.lockDirCache(Repository.java:1292) ~[na:na]
	at org.eclipse.egit.core.RepositoryHandle.lockDirCache(RepositoryHandle.java:318) ~[na:na]
	at org.eclipse.jgit.api.AddCommand.call(AddCommand.java:155) ~[na:na]
	at org.eclipse.egit.ui.internal.actions.CommitActionHandler$3.run(CommitActionHandler.java:216) ~[na:na]
	at org.eclipse.core.internal.jobs.Worker.run(Worker.java:63) ~[org.eclipse.core.jobs_3.10.600.v20191122-2104.jar:na]
2020-01-10 23:10:18,944 [Worker-16: Adding files to index...] ERROR o.e.j.i.storage.file.LockFile - Creating lock file /home/mathews/Work space/eclipse-work-space/.git/index.lock failed
java.nio.file.AccessDeniedException: /home/mathews/Work space/eclipse-work-space/.git/index.lock
	at java.base/sun.nio.fs.UnixException.translateToIOException(UnixException.java:90) ~[na:na]
	at java.base/sun.nio.fs.UnixException.rethrowAsIOException(UnixException.java:111) ~[na:na]
	at java.base/sun.nio.fs.UnixException.rethrowAsIOException(UnixException.java:116) ~[na:na]
	at java.base/sun.nio.fs.UnixFileSystemProvider.newByteChannel(UnixFileSystemProvider.java:215) ~[na:na]
	at java.base/java.nio.file.Files.newByteChannel(Files.java:370) ~[na:na]
	at java.base/java.nio.file.Files.createFile(Files.java:647) ~[na:na]
	at org.eclipse.jgit.util.FS_POSIX.createNewFileAtomic(FS_POSIX.java:431) ~[na:na]
	at org.eclipse.jgit.internal.storage.file.LockFile.lock(LockFile.java:165) ~[na:na]
	at org.eclipse.jgit.dircache.DirCache.lock(DirCache.java:603) ~[na:na]
	at org.eclipse.jgit.dircache.DirCache.lock(DirCache.java:250) ~[na:na]
	at org.eclipse.jgit.dircache.DirCache.lock(DirCache.java:322) ~[na:na]
	at org.eclipse.jgit.dircache.DirCache.lock(DirCache.java:288) ~[na:na]
	at org.eclipse.jgit.lib.Repository.lockDirCache(Repository.java:1292) ~[na:na]
	at org.eclipse.egit.core.RepositoryHandle.lockDirCache(RepositoryHandle.java:318) ~[na:na]
	at org.eclipse.jgit.api.AddCommand.call(AddCommand.java:155) ~[na:na]
	at org.eclipse.egit.ui.internal.staging.StagingView$52.run(StagingView.java:3406) ~[na:na]
	at org.eclipse.core.internal.jobs.Worker.run(Worker.java:63) ~[org.eclipse.core.jobs_3.10.600.v20191122-2104.jar:na]
